d:\workspace\microsoft visual studio 14.0\projects\searchroute\searchroute\debug\vc140.pdb
d:\workspace\microsoft visual studio 14.0\projects\searchroute\searchroute\debug\vc140.idb
d:\workspace\microsoft visual studio 14.0\projects\searchroute\searchroute\debug\dijkstra.obj
d:\workspace\microsoft visual studio 14.0\projects\searchroute\searchroute\debug\djx.obj
d:\workspace\microsoft visual studio 14.0\projects\searchroute\searchroute\debug\function.obj
d:\workspace\microsoft visual studio 14.0\projects\searchroute\searchroute\debug\initialsearchallpath.obj
d:\workspace\microsoft visual studio 14.0\projects\searchroute\searchroute\debug\initialsinglesourcesearch.obj
d:\workspace\microsoft visual studio 14.0\projects\searchroute\searchroute\debug\io.obj
d:\workspace\microsoft visual studio 14.0\projects\searchroute\searchroute\debug\main.obj
d:\workspace\microsoft visual studio 14.0\projects\searchroute\searchroute\debug\recursive.obj
d:\workspace\microsoft visual studio 14.0\projects\searchroute\searchroute\debug\route.obj
d:\workspace\microsoft visual studio 14.0\projects\searchroute\searchroute\debug\searchallpath.obj
d:\workspace\microsoft visual studio 14.0\projects\searchroute\searchroute\debug\singlesourcesearch.obj
d:\workspace\microsoft visual studio 14.0\projects\searchroute\debug\searchroute.ilk
d:\workspace\microsoft visual studio 14.0\projects\searchroute\debug\searchroute.exe
d:\workspace\microsoft visual studio 14.0\projects\searchroute\debug\searchroute.pdb
d:\workspace\microsoft visual studio 14.0\projects\searchroute\searchroute\debug\searchroute.tlog\cl.command.1.tlog
d:\workspace\microsoft visual studio 14.0\projects\searchroute\searchroute\debug\searchroute.tlog\cl.read.1.tlog
d:\workspace\microsoft visual studio 14.0\projects\searchroute\searchroute\debug\searchroute.tlog\cl.write.1.tlog
d:\workspace\microsoft visual studio 14.0\projects\searchroute\searchroute\debug\searchroute.tlog\link.command.1.tlog
d:\workspace\microsoft visual studio 14.0\projects\searchroute\searchroute\debug\searchroute.tlog\link.read.1.tlog
d:\workspace\microsoft visual studio 14.0\projects\searchroute\searchroute\debug\searchroute.tlog\link.write.1.tlog
